<?xml version="1.0" encoding="UTF-8"?>
<testsuite name="basicTest.CRUDProjectRestApi" tests="1" skipped="0" failures="0" errors="0" timestamp="2021-08-08T00:34:49" hostname="DESKTOP-AIQMAMB" time="2.414">
  <properties/>
  <testcase name="crudProjectRestApiItem()" classname="basicTest.CRUDProjectRestApi" time="2.414"/>
  <system-out><![CDATA[Request method:	POST
Request URI:	http://todo.ly/api/items.json
Proxy:			<none>
Request params:	<none>
Query params:	<none>
Form params:	<none>
Path params:	<none>
Headers:		Authorization=Basic dWNiQHVjYjIwMjEuY29tOjEyMzQ1
				Accept=*/*
				Content-Type=text/plain; charset=ISO-8859-1
Cookies:		<none>
Multiparts:		<none>
Body:
{"Content":"Madai_Item5"}
HTTP/1.1 200 OK
Cache-Control: no-cache, no-store, must-revalidate
Pragma: no-cache
Content-Type: application/json; charset=utf-8
Expires: -1
Server: Microsoft-IIS/8.0
Set-Cookie: ASP.NET_SessionId=w3q51a0wnkyagiki0bzyuhiu; path=/; HttpOnly; SameSite=Lax
X-AspNetMvc-Version: 2.0
X-AspNet-Version: 4.0.30319
X-Powered-By: ASP.NET
Date: Sun, 08 Aug 2021 00:34:42 GMT
Content-Length: 532

{
    "Id": 10910690,
    "Content": "Madai_Item5",
    "ItemType": 1,
    "Checked": false,
    "ProjectId": null,
    "ParentId": null,
    "Path": "",
    "Collapsed": false,
    "DateString": null,
    "DateStringPriority": 0,
    "DueDate": "",
    "Recurrence": null,
    "ItemOrder": null,
    "Priority": 4,
    "LastSyncedDateTime": "/Date(1628382882820)/",
    "Children": [
        
    ],
    "DueDateTime": null,
    "CreatedDate": "/Date(1628382882790)/",
    "LastCheckedDate": null,
    "LastUpdatedDate": "/Date(1628382882790)/",
    "Deleted": false,
    "Notes": "",
    "InHistory": false,
    "SyncClientCreationId": null,
    "DueTimeSpecified": true,
    "OwnerId": 690429
}
***** Content *******:10910690
Request method:	PUT
Request URI:	http://todo.ly/api/items/10910690.json
Proxy:			<none>
Request params:	<none>
Query params:	<none>
Form params:	<none>
Path params:	<none>
Headers:		Authorization=Basic dWNiQHVjYjIwMjEuY29tOjEyMzQ1
				Accept=*/*
				Content-Type=text/plain; charset=ISO-8859-1
Cookies:		<none>
Multiparts:		<none>
Body:
{"Content":"Madai_Item5Update"}
HTTP/1.1 200 OK
Cache-Control: no-cache, no-store, must-revalidate
Pragma: no-cache
Content-Type: application/json; charset=utf-8
Expires: -1
Server: Microsoft-IIS/8.0
Set-Cookie: ASP.NET_SessionId=yqcsm3gh4e2uhmdiquatwxem; path=/; HttpOnly; SameSite=Lax
X-AspNetMvc-Version: 2.0
X-AspNet-Version: 4.0.30319
X-Powered-By: ASP.NET
Date: Sun, 08 Aug 2021 00:34:43 GMT
Content-Length: 538

{
    "Id": 10910690,
    "Content": "Madai_Item5Update",
    "ItemType": 1,
    "Checked": false,
    "ProjectId": null,
    "ParentId": null,
    "Path": "",
    "Collapsed": false,
    "DateString": null,
    "DateStringPriority": 0,
    "DueDate": "",
    "Recurrence": null,
    "ItemOrder": null,
    "Priority": 4,
    "LastSyncedDateTime": "/Date(1628382883600)/",
    "Children": [
        
    ],
    "DueDateTime": null,
    "CreatedDate": "/Date(1628382882790)/",
    "LastCheckedDate": null,
    "LastUpdatedDate": "/Date(1628382883587)/",
    "Deleted": false,
    "Notes": "",
    "InHistory": false,
    "SyncClientCreationId": null,
    "DueTimeSpecified": true,
    "OwnerId": 690429
}
Request method:	GET
Request URI:	http://todo.ly/api/items/10910690.json
Proxy:			<none>
Request params:	<none>
Query params:	<none>
Form params:	<none>
Path params:	<none>
Headers:		Authorization=Basic dWNiQHVjYjIwMjEuY29tOjEyMzQ1
				Accept=*/*
Cookies:		<none>
Multiparts:		<none>
Body:			<none>
HTTP/1.1 200 OK
Cache-Control: no-cache, no-store, must-revalidate
Pragma: no-cache
Content-Type: application/json; charset=utf-8
Expires: -1
Server: Microsoft-IIS/8.0
Set-Cookie: ASP.NET_SessionId=r03phtmengl2g1kmx3nd2tnz; path=/; HttpOnly; SameSite=Lax
X-AspNetMvc-Version: 2.0
X-AspNet-Version: 4.0.30319
X-Powered-By: ASP.NET
Date: Sun, 08 Aug 2021 00:34:43 GMT
Content-Length: 538

{
    "Id": 10910690,
    "Content": "Madai_Item5Update",
    "ItemType": 1,
    "Checked": false,
    "ProjectId": null,
    "ParentId": null,
    "Path": "",
    "Collapsed": false,
    "DateString": null,
    "DateStringPriority": 0,
    "DueDate": "",
    "Recurrence": null,
    "ItemOrder": null,
    "Priority": 4,
    "LastSyncedDateTime": "/Date(1628382884021)/",
    "Children": [
        
    ],
    "DueDateTime": null,
    "CreatedDate": "/Date(1628382882790)/",
    "LastCheckedDate": null,
    "LastUpdatedDate": "/Date(1628382883587)/",
    "Deleted": false,
    "Notes": "",
    "InHistory": false,
    "SyncClientCreationId": null,
    "DueTimeSpecified": true,
    "OwnerId": 690429
}
]]></system-out>
  <system-err><![CDATA[]]></system-err>
</testsuite>
